[0.047s] Invoking command in '/home/ros2/ros2_learn/fishbot_ws/build/nav2_costmap_2d': AMENT_PREFIX_PATH=/home/ros2/ros2_learn/fishbot_ws/install/nav2_map_server:/home/ros2/ros2_learn/fishbot_ws/install/nav2_lifecycle_manager:/home/ros2/ros2_learn/fishbot_ws/install/nav2_util:/home/ros2/ros2_learn/fishbot_ws/install/nav2_voxel_grid:/home/ros2/ros2_learn/fishbot_ws/install/nav2_msgs:/home/ros2/ros2_learn/fishbot_ws/install/nav2_common:${AMENT_PREFIX_PATH} CMAKE_PREFIX_PATH=/home/ros2/ros2_learn/fishbot_ws/install/nav2_map_server:/home/ros2/ros2_learn/fishbot_ws/install/nav2_lifecycle_manager:/home/ros2/ros2_learn/fishbot_ws/install/nav2_util:/home/ros2/ros2_learn/fishbot_ws/install/nav2_voxel_grid:/home/ros2/ros2_learn/fishbot_ws/install/nav2_msgs:/home/ros2/ros2_learn/fishbot_ws/install/nav2_common:/opt/ros/galactic LD_LIBRARY_PATH=/home/ros2/ros2_learn/fishbot_ws/install/nav2_map_server/lib:/home/ros2/ros2_learn/fishbot_ws/install/nav2_lifecycle_manager/lib:/home/ros2/ros2_learn/fishbot_ws/install/nav2_util/lib:/home/ros2/ros2_learn/fishbot_ws/install/nav2_voxel_grid/lib:/home/ros2/ros2_learn/fishbot_ws/install/nav2_msgs/lib:${LD_LIBRARY_PATH} PYTHONPATH=/home/ros2/ros2_learn/fishbot_ws/install/nav2_msgs/lib/python3.8/site-packages:/home/ros2/ros2_learn/fishbot_ws/install/nav2_common/lib/python3.8/site-packages:${PYTHONPATH} /usr/bin/cmake /home/ros2/ros2_learn/fishbot_ws/src/navigation2/nav2_costmap_2d -DCMAKE_INSTALL_PREFIX=/home/ros2/ros2_learn/fishbot_ws/install/nav2_costmap_2d
[0.133s] -- The C compiler identification is GNU 9.4.0
[0.212s] -- The CXX compiler identification is GNU 9.4.0
[0.217s] -- Check for working C compiler: /usr/bin/cc
[0.352s] -- Check for working C compiler: /usr/bin/cc -- works
[0.356s] -- Detecting C compiler ABI info
[0.498s] -- Detecting C compiler ABI info - done
[0.511s] -- Detecting C compile features
[0.512s] -- Detecting C compile features - done
[0.514s] -- Check for working CXX compiler: /usr/bin/c++
[0.635s] -- Check for working CXX compiler: /usr/bin/c++ -- works
[0.635s] -- Detecting CXX compiler ABI info
[0.775s] -- Detecting CXX compiler ABI info - done
[0.790s] -- Detecting CXX compile features
[0.791s] -- Detecting CXX compile features - done
[0.794s] -- Found ament_cmake: 1.1.6 (/opt/ros/galactic/share/ament_cmake/cmake)
[0.833s] -- Found PythonInterp: /usr/bin/python3 (found suitable version "3.8.10", minimum required is "3") 
[0.833s] -- Using PYTHON_EXECUTABLE: /usr/bin/python3
[0.952s] -- Found geometry_msgs: 2.2.4 (/opt/ros/galactic/share/geometry_msgs/cmake)
[0.982s] -- Using all available rosidl_typesupport_c: rosidl_typesupport_fastrtps_c;rosidl_typesupport_introspection_c
[0.993s] -- Found rosidl_adapter: 2.2.3 (/opt/ros/galactic/share/rosidl_adapter/cmake)
[1.131s] -- Found OpenSSL: /usr/lib/x86_64-linux-gnu/libcrypto.so (found version "1.1.1f")  
[1.172s] -- Found FastRTPS: /opt/ros/galactic/include  
[1.396s] -- Using all available rosidl_typesupport_cpp: rosidl_typesupport_fastrtps_cpp;rosidl_typesupport_introspection_cpp
[1.577s] -- Found laser_geometry: 2.2.1 (/opt/ros/galactic/share/laser_geometry/cmake)
[1.601s] -- Found map_msgs: 2.1.0 (/opt/ros/galactic/share/map_msgs/cmake)
[2.232s] -- Found message_filters: 3.2.6 (/opt/ros/galactic/share/message_filters/cmake)
[2.332s] -- Found rmw_implementation_cmake: 3.3.1 (/opt/ros/galactic/share/rmw_implementation_cmake/cmake)
[2.347s] -- Found rmw_cyclonedds_cpp: 0.22.6 (/opt/ros/galactic/share/rmw_cyclonedds_cpp/cmake)
[2.408s] -- Using RMW implementation 'rmw_cyclonedds_cpp' as default
[2.412s] -- Looking for pthread.h
[2.538s] -- Looking for pthread.h - found
[2.538s] -- Performing Test CMAKE_HAVE_LIBC_PTHREAD
[2.717s] -- Performing Test CMAKE_HAVE_LIBC_PTHREAD - Failed
[2.717s] -- Looking for pthread_create in pthreads
[2.852s] -- Looking for pthread_create in pthreads - not found
[2.852s] -- Looking for pthread_create in pthread
[2.964s] -- Looking for pthread_create in pthread - found
[2.966s] -- Found Threads: TRUE  
[3.311s] -- Found nav2_common: 1.0.12 (/home/ros2/ros2_learn/fishbot_ws/install/nav2_common/share/nav2_common/cmake)
[3.313s] -- Found nav2_msgs: 1.0.12 (/home/ros2/ros2_learn/fishbot_ws/install/nav2_msgs/share/nav2_msgs/cmake)
[3.736s] -- Found nav2_util: 1.0.12 (/home/ros2/ros2_learn/fishbot_ws/install/nav2_util/share/nav2_util/cmake)
[4.446s] -- Found Eigen3: TRUE (found version "3.3.7") 
[4.779s] -- Found nav2_voxel_grid: 1.0.12 (/home/ros2/ros2_learn/fishbot_ws/install/nav2_voxel_grid/share/nav2_voxel_grid/cmake)
[4.791s] -- Found pluginlib: 5.0.1 (/opt/ros/galactic/share/pluginlib/cmake)
[4.867s] -- Found tf2_sensor_msgs: 0.17.5 (/opt/ros/galactic/share/tf2_sensor_msgs/cmake)
[4.926s] -- Found visualization_msgs: 2.2.4 (/opt/ros/galactic/share/visualization_msgs/cmake)
[5.061s] -- Found angles: 1.14.0 (/opt/ros/galactic/share/angles/cmake)
[5.067s] -- Setting build type to Release as none was specified.
[7.323s] -- Found ament_lint_auto: 0.10.7 (/opt/ros/galactic/share/ament_lint_auto/cmake)
[8.865s] -- Found gtest sources under '/opt/ros/galactic/src/gtest_vendor': C++ tests using 'Google Test' will be built
[8.872s] -- Check if compiler accepts -pthread
[8.985s] -- Check if compiler accepts -pthread - yes
[9.016s] -- Found gtest sources under '/opt/ros/galactic/src/gtest_vendor': C++ tests using 'Google Test' will be built
[10.822s] -- Found gtest sources under '/opt/ros/galactic/src/gtest_vendor': C++ tests using 'Google Test' will be built
[10.841s] -- Added test 'cppcheck' to perform static code analysis on C / C++ code
[10.844s] -- Configured cppcheck include dirs: /home/ros2/ros2_learn/fishbot_ws/src/navigation2/nav2_costmap_2d/include
[10.844s] -- Configured cppcheck exclude dirs and/or files: 
[10.847s] -- Added test 'flake8' to check Python code syntax and style conventions
[10.851s] -- Added test 'lint_cmake' to check CMake code style
[10.854s] -- Added test 'pep257' to check Python code against some of the style conventions in PEP 257
[10.860s] -- Added test 'uncrustify' to check C / C++ code style
[10.860s] -- Configured uncrustify additional arguments: 
[10.862s] -- Added test 'xmllint' to check XML markup files
[10.873s] -- Configuring done
[11.911s] -- Generating done
[11.915s] -- Build files have been written to: /home/ros2/ros2_learn/fishbot_ws/build/nav2_costmap_2d
[11.936s] Invoked command in '/home/ros2/ros2_learn/fishbot_ws/build/nav2_costmap_2d' returned '0': AMENT_PREFIX_PATH=/home/ros2/ros2_learn/fishbot_ws/install/nav2_map_server:/home/ros2/ros2_learn/fishbot_ws/install/nav2_lifecycle_manager:/home/ros2/ros2_learn/fishbot_ws/install/nav2_util:/home/ros2/ros2_learn/fishbot_ws/install/nav2_voxel_grid:/home/ros2/ros2_learn/fishbot_ws/install/nav2_msgs:/home/ros2/ros2_learn/fishbot_ws/install/nav2_common:${AMENT_PREFIX_PATH} CMAKE_PREFIX_PATH=/home/ros2/ros2_learn/fishbot_ws/install/nav2_map_server:/home/ros2/ros2_learn/fishbot_ws/install/nav2_lifecycle_manager:/home/ros2/ros2_learn/fishbot_ws/install/nav2_util:/home/ros2/ros2_learn/fishbot_ws/install/nav2_voxel_grid:/home/ros2/ros2_learn/fishbot_ws/install/nav2_msgs:/home/ros2/ros2_learn/fishbot_ws/install/nav2_common:/opt/ros/galactic LD_LIBRARY_PATH=/home/ros2/ros2_learn/fishbot_ws/install/nav2_map_server/lib:/home/ros2/ros2_learn/fishbot_ws/install/nav2_lifecycle_manager/lib:/home/ros2/ros2_learn/fishbot_ws/install/nav2_util/lib:/home/ros2/ros2_learn/fishbot_ws/install/nav2_voxel_grid/lib:/home/ros2/ros2_learn/fishbot_ws/install/nav2_msgs/lib:${LD_LIBRARY_PATH} PYTHONPATH=/home/ros2/ros2_learn/fishbot_ws/install/nav2_msgs/lib/python3.8/site-packages:/home/ros2/ros2_learn/fishbot_ws/install/nav2_common/lib/python3.8/site-packages:${PYTHONPATH} /usr/bin/cmake /home/ros2/ros2_learn/fishbot_ws/src/navigation2/nav2_costmap_2d -DCMAKE_INSTALL_PREFIX=/home/ros2/ros2_learn/fishbot_ws/install/nav2_costmap_2d
[11.938s] Invoking command in '/home/ros2/ros2_learn/fishbot_ws/build/nav2_costmap_2d': AMENT_PREFIX_PATH=/home/ros2/ros2_learn/fishbot_ws/install/nav2_map_server:/home/ros2/ros2_learn/fishbot_ws/install/nav2_lifecycle_manager:/home/ros2/ros2_learn/fishbot_ws/install/nav2_util:/home/ros2/ros2_learn/fishbot_ws/install/nav2_voxel_grid:/home/ros2/ros2_learn/fishbot_ws/install/nav2_msgs:/home/ros2/ros2_learn/fishbot_ws/install/nav2_common:${AMENT_PREFIX_PATH} CMAKE_PREFIX_PATH=/home/ros2/ros2_learn/fishbot_ws/install/nav2_map_server:/home/ros2/ros2_learn/fishbot_ws/install/nav2_lifecycle_manager:/home/ros2/ros2_learn/fishbot_ws/install/nav2_util:/home/ros2/ros2_learn/fishbot_ws/install/nav2_voxel_grid:/home/ros2/ros2_learn/fishbot_ws/install/nav2_msgs:/home/ros2/ros2_learn/fishbot_ws/install/nav2_common:/opt/ros/galactic LD_LIBRARY_PATH=/home/ros2/ros2_learn/fishbot_ws/install/nav2_map_server/lib:/home/ros2/ros2_learn/fishbot_ws/install/nav2_lifecycle_manager/lib:/home/ros2/ros2_learn/fishbot_ws/install/nav2_util/lib:/home/ros2/ros2_learn/fishbot_ws/install/nav2_voxel_grid/lib:/home/ros2/ros2_learn/fishbot_ws/install/nav2_msgs/lib:${LD_LIBRARY_PATH} PYTHONPATH=/home/ros2/ros2_learn/fishbot_ws/install/nav2_msgs/lib/python3.8/site-packages:/home/ros2/ros2_learn/fishbot_ws/install/nav2_common/lib/python3.8/site-packages:${PYTHONPATH} /usr/bin/cmake --build /home/ros2/ros2_learn/fishbot_ws/build/nav2_costmap_2d -- -j4 -l4
[12.008s] [35m[1mScanning dependencies of target nav2_costmap_2d_core[0m
[12.237s] [  1%] [32mBuilding CXX object CMakeFiles/nav2_costmap_2d_core.dir/src/array_parser.cpp.o[0m
[13.168s] [  3%] [32mBuilding CXX object CMakeFiles/nav2_costmap_2d_core.dir/src/costmap_2d.cpp.o[0m
[14.975s] [  4%] [32mBuilding CXX object CMakeFiles/nav2_costmap_2d_core.dir/src/layer.cpp.o[0m
[19.464s] [  6%] [32mBuilding CXX object CMakeFiles/nav2_costmap_2d_core.dir/src/layered_costmap.cpp.o[0m
[24.441s] [  7%] [32mBuilding CXX object CMakeFiles/nav2_costmap_2d_core.dir/src/costmap_2d_ros.cpp.o[0m
[41.476s] [  9%] [32mBuilding CXX object CMakeFiles/nav2_costmap_2d_core.dir/src/costmap_2d_publisher.cpp.o[0m
[58.446s] [ 10%] [32mBuilding CXX object CMakeFiles/nav2_costmap_2d_core.dir/src/costmap_math.cpp.o[0m
[59.403s] [ 12%] [32mBuilding CXX object CMakeFiles/nav2_costmap_2d_core.dir/src/footprint.cpp.o[0m
[63.195s] [ 14%] [32mBuilding CXX object CMakeFiles/nav2_costmap_2d_core.dir/src/costmap_layer.cpp.o[0m
[66.744s] [ 15%] [32mBuilding CXX object CMakeFiles/nav2_costmap_2d_core.dir/src/observation_buffer.cpp.o[0m
[73.693s] [ 17%] [32mBuilding CXX object CMakeFiles/nav2_costmap_2d_core.dir/src/clear_costmap_service.cpp.o[0m
[84.080s] [ 18%] [32mBuilding CXX object CMakeFiles/nav2_costmap_2d_core.dir/src/footprint_collision_checker.cpp.o[0m
[89.258s] [ 20%] [32mBuilding CXX object CMakeFiles/nav2_costmap_2d_core.dir/plugins/costmap_filters/costmap_filter.cpp.o[0m
[93.871s] [ 21%] [32m[1mLinking CXX shared library libnav2_costmap_2d_core.so[0m
[94.308s] [ 21%] Built target nav2_costmap_2d_core
[94.326s] [35m[1mScanning dependencies of target gtest_main[0m
[94.345s] [ 23%] [32mBuilding CXX object gtest/CMakeFiles/gtest_main.dir/src/gtest_main.cc.o[0m
[95.784s] [ 25%] [32m[1mLinking CXX static library libgtest_main.a[0m
[95.837s] [ 25%] Built target gtest_main
[95.873s] [35m[1mScanning dependencies of target filters[0m
[95.933s] [ 26%] [32mBuilding CXX object CMakeFiles/filters.dir/plugins/costmap_filters/keepout_filter.cpp.o[0m
[97.988s] [35m[1mScanning dependencies of target nav2_costmap_2d_client[0m
[98.133s] [ 28%] [32mBuilding CXX object CMakeFiles/nav2_costmap_2d_client.dir/src/footprint_subscriber.cpp.o[0m
[99.143s] [35m[1mScanning dependencies of target layers[0m
[99.343s] [ 29%] [32mBuilding CXX object CMakeFiles/layers.dir/plugins/inflation_layer.cpp.o[0m
[109.106s] [ 31%] [32mBuilding CXX object CMakeFiles/layers.dir/plugins/static_layer.cpp.o[0m
[122.107s] [ 32%] [32mBuilding CXX object CMakeFiles/nav2_costmap_2d_client.dir/src/costmap_subscriber.cpp.o[0m
[127.205s] [ 34%] [32mBuilding CXX object CMakeFiles/filters.dir/plugins/costmap_filters/speed_filter.cpp.o[0m
[139.399s] [ 35%] [32mBuilding CXX object CMakeFiles/layers.dir/plugins/obstacle_layer.cpp.o[0m
[145.015s] [ 37%] [32mBuilding CXX object CMakeFiles/nav2_costmap_2d_client.dir/src/costmap_topic_collision_checker.cpp.o[0m
[151.875s] [ 39%] [32m[1mLinking CXX shared library libnav2_costmap_2d_client.so[0m
[152.523s] [ 39%] Built target nav2_costmap_2d_client
[157.649s] [ 40%] [32m[1mLinking CXX shared library libfilters.so[0m
[158.317s] [ 40%] Built target filters
[172.776s] [ 42%] [32mBuilding CXX object CMakeFiles/layers.dir/plugins/voxel_layer.cpp.o[0m
[174.669s] make[2]: *** [CMakeFiles/layers.dir/build.make:115: CMakeFiles/layers.dir/plugins/voxel_layer.cpp.o] ä¸­æ–­
[174.669s] make[1]: *** [CMakeFiles/Makefile2:238: CMakeFiles/layers.dir/all] ä¸­æ–­
[174.671s] make: *** [Makefile:141: all] ä¸­æ–­
[174.718s] Invoked command in '/home/ros2/ros2_learn/fishbot_ws/build/nav2_costmap_2d' returned '-2': AMENT_PREFIX_PATH=/home/ros2/ros2_learn/fishbot_ws/install/nav2_map_server:/home/ros2/ros2_learn/fishbot_ws/install/nav2_lifecycle_manager:/home/ros2/ros2_learn/fishbot_ws/install/nav2_util:/home/ros2/ros2_learn/fishbot_ws/install/nav2_voxel_grid:/home/ros2/ros2_learn/fishbot_ws/install/nav2_msgs:/home/ros2/ros2_learn/fishbot_ws/install/nav2_common:${AMENT_PREFIX_PATH} CMAKE_PREFIX_PATH=/home/ros2/ros2_learn/fishbot_ws/install/nav2_map_server:/home/ros2/ros2_learn/fishbot_ws/install/nav2_lifecycle_manager:/home/ros2/ros2_learn/fishbot_ws/install/nav2_util:/home/ros2/ros2_learn/fishbot_ws/install/nav2_voxel_grid:/home/ros2/ros2_learn/fishbot_ws/install/nav2_msgs:/home/ros2/ros2_learn/fishbot_ws/install/nav2_common:/opt/ros/galactic LD_LIBRARY_PATH=/home/ros2/ros2_learn/fishbot_ws/install/nav2_map_server/lib:/home/ros2/ros2_learn/fishbot_ws/install/nav2_lifecycle_manager/lib:/home/ros2/ros2_learn/fishbot_ws/install/nav2_util/lib:/home/ros2/ros2_learn/fishbot_ws/install/nav2_voxel_grid/lib:/home/ros2/ros2_learn/fishbot_ws/install/nav2_msgs/lib:${LD_LIBRARY_PATH} PYTHONPATH=/home/ros2/ros2_learn/fishbot_ws/install/nav2_msgs/lib/python3.8/site-packages:/home/ros2/ros2_learn/fishbot_ws/install/nav2_common/lib/python3.8/site-packages:${PYTHONPATH} /usr/bin/cmake --build /home/ros2/ros2_learn/fishbot_ws/build/nav2_costmap_2d -- -j4 -l4
