-- The CXX compiler identification is GNU 9.4.0
-- Check for working CXX compiler: /usr/bin/c++
-- Check for working CXX compiler: /usr/bin/c++ -- works
-- Detecting CXX compiler ABI info
-- Detecting CXX compiler ABI info - done
-- Detecting CXX compile features
-- Detecting CXX compile features - done
-- Found ament_cmake: 1.1.6 (/opt/ros/galactic/share/ament_cmake/cmake)
-- Found PythonInterp: /usr/bin/python3 (found suitable version "3.8.10", minimum required is "3") 
-- Using PYTHON_EXECUTABLE: /usr/bin/python3
-- Found nav2_common: 1.0.12 (/home/ros2/ros2_learn/fishbot_ws/install/nav2_common/share/nav2_common/cmake)
-- Found rclcpp: 9.2.2 (/opt/ros/galactic/share/rclcpp/cmake)
-- Using all available rosidl_typesupport_c: rosidl_typesupport_fastrtps_c;rosidl_typesupport_introspection_c
-- Found rosidl_adapter: 2.2.3 (/opt/ros/galactic/share/rosidl_adapter/cmake)
-- Found OpenSSL: /usr/lib/x86_64-linux-gnu/libcrypto.so (found version "1.1.1f")  
-- Found FastRTPS: /opt/ros/galactic/include  
-- Using all available rosidl_typesupport_cpp: rosidl_typesupport_fastrtps_cpp;rosidl_typesupport_introspection_cpp
-- Found rmw_implementation_cmake: 3.3.1 (/opt/ros/galactic/share/rmw_implementation_cmake/cmake)
-- Found rmw_cyclonedds_cpp: 0.22.6 (/opt/ros/galactic/share/rmw_cyclonedds_cpp/cmake)
-- Using RMW implementation 'rmw_cyclonedds_cpp' as default
-- Looking for C++ include pthread.h
-- Looking for C++ include pthread.h - found
-- Performing Test CMAKE_HAVE_LIBC_PTHREAD
-- Performing Test CMAKE_HAVE_LIBC_PTHREAD - Failed
-- Looking for pthread_create in pthreads
-- Looking for pthread_create in pthreads - not found
-- Looking for pthread_create in pthread
-- Looking for pthread_create in pthread - found
-- Found Threads: TRUE  
-- Found rclcpp_action: 9.2.2 (/opt/ros/galactic/share/rclcpp_action/cmake)
-- Found rclcpp_lifecycle: 9.2.2 (/opt/ros/galactic/share/rclcpp_lifecycle/cmake)
-- Found geometry_msgs: 2.2.4 (/opt/ros/galactic/share/geometry_msgs/cmake)
-- Found sensor_msgs: 2.2.4 (/opt/ros/galactic/share/sensor_msgs/cmake)
-- Found nav2_msgs: 1.0.12 (/home/ros2/ros2_learn/fishbot_ws/install/nav2_msgs/share/nav2_msgs/cmake)
-- Found tf2_ros: 0.17.5 (/opt/ros/galactic/share/tf2_ros/cmake)
-- Found tf2_geometry_msgs: 0.17.5 (/opt/ros/galactic/share/tf2_geometry_msgs/cmake)
-- Found eigen3_cmake_module: 0.1.1 (/opt/ros/galactic/share/eigen3_cmake_module/cmake)
-- Found Eigen3: TRUE (found version "3.3.7") 
-- Found std_srvs: 2.2.4 (/opt/ros/galactic/share/std_srvs/cmake)
-- Found nav2_util: 1.0.12 (/home/ros2/ros2_learn/fishbot_ws/install/nav2_util/share/nav2_util/cmake)
-- Setting build type to Release as none was specified.
-- Found ament_lint_auto: 0.10.7 (/opt/ros/galactic/share/ament_lint_auto/cmake)
-- Found gtest sources under '/opt/ros/galactic/src/gtest_vendor': C++ tests using 'Google Test' will be built
-- The C compiler identification is GNU 9.4.0
-- Check for working C compiler: /usr/bin/cc
-- Check for working C compiler: /usr/bin/cc -- works
-- Detecting C compiler ABI info
-- Detecting C compiler ABI info - done
-- Detecting C compile features
-- Detecting C compile features - done
-- Check if compiler accepts -pthread
-- Check if compiler accepts -pthread - yes
-- Added test 'copyright' to check source files copyright and LICENSE
-- Added test 'cppcheck' to perform static code analysis on C / C++ code
-- Configured cppcheck include dirs: /home/ros2/ros2_learn/fishbot_ws/src/navigation2/nav2_behavior_tree/include
-- Configured cppcheck exclude dirs and/or files: 
-- Added test 'cpplint' to check C / C++ code against the Google style
-- Configured cpplint exclude dirs and/or files: 
-- Added test 'lint_cmake' to check CMake code style
-- Added test 'uncrustify' to check C / C++ code style
-- Configured uncrustify additional arguments: 
-- Added test 'xmllint' to check XML markup files
-- Configuring done
-- Generating done
-- Build files have been written to: /home/ros2/ros2_learn/fishbot_ws/build/nav2_behavior_tree
[35m[1mScanning dependencies of target nav2_goal_updated_controller_bt_node[0m
[  1%] [32mBuilding CXX object CMakeFiles/nav2_goal_updated_controller_bt_node.dir/plugins/decorator/goal_updated_controller.cpp.o[0m
[  1%] [32m[1mLinking CXX shared library libnav2_goal_updated_controller_bt_node.so[0m
[  1%] Built target nav2_goal_updated_controller_bt_node
[35m[1mScanning dependencies of target nav2_planner_selector_bt_node[0m
[  2%] [32mBuilding CXX object CMakeFiles/nav2_planner_selector_bt_node.dir/plugins/action/planner_selector_node.cpp.o[0m
[  3%] [32m[1mLinking CXX shared library libnav2_planner_selector_bt_node.so[0m
[  3%] Built target nav2_planner_selector_bt_node
[35m[1mScanning dependencies of target nav2_single_trigger_bt_node[0m
[  4%] [32mBuilding CXX object CMakeFiles/nav2_single_trigger_bt_node.dir/plugins/decorator/single_trigger_node.cpp.o[0m
[  5%] [32m[1mLinking CXX shared library libnav2_single_trigger_bt_node.so[0m
[  5%] Built target nav2_single_trigger_bt_node
[35m[1mScanning dependencies of target nav2_transform_available_condition_bt_node[0m
[  6%] [32mBuilding CXX object CMakeFiles/nav2_transform_available_condition_bt_node.dir/plugins/condition/transform_available_condition.cpp.o[0m
[  6%] [32m[1mLinking CXX shared library libnav2_transform_available_condition_bt_node.so[0m
[  6%] Built target nav2_transform_available_condition_bt_node
[35m[1mScanning dependencies of target nav2_pipeline_sequence_bt_node[0m
[  7%] [32mBuilding CXX object CMakeFiles/nav2_pipeline_sequence_bt_node.dir/plugins/control/pipeline_sequence.cpp.o[0m
[  7%] [32m[1mLinking CXX shared library libnav2_pipeline_sequence_bt_node.so[0m
[  7%] Built target nav2_pipeline_sequence_bt_node
[35m[1mScanning dependencies of target nav2_wait_action_bt_node[0m
[  8%] [32mBuilding CXX object CMakeFiles/nav2_wait_action_bt_node.dir/plugins/action/wait_action.cpp.o[0m
[  8%] [32m[1mLinking CXX shared library libnav2_wait_action_bt_node.so[0m
[  8%] Built target nav2_wait_action_bt_node
[35m[1mScanning dependencies of target nav2_spin_action_bt_node[0m
[  9%] [32mBuilding CXX object CMakeFiles/nav2_spin_action_bt_node.dir/plugins/action/spin_action.cpp.o[0m
[  9%] [32m[1mLinking CXX shared library libnav2_spin_action_bt_node.so[0m
[  9%] Built target nav2_spin_action_bt_node
[35m[1mScanning dependencies of target nav2_compute_path_through_poses_action_bt_node[0m
[  9%] [32mBuilding CXX object CMakeFiles/nav2_compute_path_through_poses_action_bt_node.dir/plugins/action/compute_path_through_poses_action.cpp.o[0m
[ 10%] [32m[1mLinking CXX shared library libnav2_compute_path_through_poses_action_bt_node.so[0m
[ 10%] Built target nav2_compute_path_through_poses_action_bt_node
[35m[1mScanning dependencies of target nav2_compute_path_to_pose_action_bt_node[0m
[ 11%] [32mBuilding CXX object CMakeFiles/nav2_compute_path_to_pose_action_bt_node.dir/plugins/action/compute_path_to_pose_action.cpp.o[0m
[ 12%] [32m[1mLinking CXX shared library libnav2_compute_path_to_pose_action_bt_node.so[0m
[ 12%] Built target nav2_compute_path_to_pose_action_bt_node
[35m[1mScanning dependencies of target nav2_goal_updated_condition_bt_node[0m
[ 13%] [32mBuilding CXX object CMakeFiles/nav2_goal_updated_condition_bt_node.dir/plugins/condition/goal_updated_condition.cpp.o[0m
[ 14%] [32m[1mLinking CXX shared library libnav2_goal_updated_condition_bt_node.so[0m
[ 14%] Built target nav2_goal_updated_condition_bt_node
[35m[1mScanning dependencies of target nav2_is_stuck_condition_bt_node[0m
[ 14%] [32mBuilding CXX object CMakeFiles/nav2_is_stuck_condition_bt_node.dir/plugins/condition/is_stuck_condition.cpp.o[0m
[ 15%] [32m[1mLinking CXX shared library libnav2_is_stuck_condition_bt_node.so[0m
[ 15%] Built target nav2_is_stuck_condition_bt_node
[35m[1mScanning dependencies of target nav2_behavior_tree[0m
[ 16%] [32mBuilding CXX object CMakeFiles/nav2_behavior_tree.dir/src/behavior_tree_engine.cpp.o[0m
[ 16%] [32m[1mLinking CXX shared library libnav2_behavior_tree.so[0m
[ 16%] Built target nav2_behavior_tree
[35m[1mScanning dependencies of target nav2_goal_updater_node_bt_node[0m
[ 17%] [32mBuilding CXX object CMakeFiles/nav2_goal_updater_node_bt_node.dir/plugins/decorator/goal_updater_node.cpp.o[0m
[ 18%] [32m[1mLinking CXX shared library libnav2_goal_updater_node_bt_node.so[0m
[ 18%] Built target nav2_goal_updater_node_bt_node
[35m[1mScanning dependencies of target nav2_follow_path_action_bt_node[0m
[ 19%] [32mBuilding CXX object CMakeFiles/nav2_follow_path_action_bt_node.dir/plugins/action/follow_path_action.cpp.o[0m
[ 19%] [32m[1mLinking CXX shared library libnav2_follow_path_action_bt_node.so[0m
[ 19%] Built target nav2_follow_path_action_bt_node
[35m[1mScanning dependencies of target nav2_goal_reached_condition_bt_node[0m
[ 20%] [32mBuilding CXX object CMakeFiles/nav2_goal_reached_condition_bt_node.dir/plugins/condition/goal_reached_condition.cpp.o[0m
[ 20%] [32m[1mLinking CXX shared library libnav2_goal_reached_condition_bt_node.so[0m
[ 20%] Built target nav2_goal_reached_condition_bt_node
[35m[1mScanning dependencies of target nav2_round_robin_node_bt_node[0m
[ 20%] [32mBuilding CXX object CMakeFiles/nav2_round_robin_node_bt_node.dir/plugins/control/round_robin_node.cpp.o[0m
[ 21%] [32m[1mLinking CXX shared library libnav2_round_robin_node_bt_node.so[0m
[ 21%] Built target nav2_round_robin_node_bt_node
[35m[1mScanning dependencies of target nav2_navigate_through_poses_action_bt_node[0m
[ 22%] [32mBuilding CXX object CMakeFiles/nav2_navigate_through_poses_action_bt_node.dir/plugins/action/navigate_through_poses_action.cpp.o[0m
[ 22%] [32m[1mLinking CXX shared library libnav2_navigate_through_poses_action_bt_node.so[0m
[ 22%] Built target nav2_navigate_through_poses_action_bt_node
[35m[1mScanning dependencies of target nav2_remove_passed_goals_action_bt_node[0m
[ 23%] [32mBuilding CXX object CMakeFiles/nav2_remove_passed_goals_action_bt_node.dir/plugins/action/remove_passed_goals_action.cpp.o[0m
[ 24%] [32m[1mLinking CXX shared library libnav2_remove_passed_goals_action_bt_node.so[0m
[ 24%] Built target nav2_remove_passed_goals_action_bt_node
[35m[1mScanning dependencies of target nav2_initial_pose_received_condition_bt_node[0m
[ 24%] [32mBuilding CXX object CMakeFiles/nav2_initial_pose_received_condition_bt_node.dir/plugins/condition/initial_pose_received_condition.cpp.o[0m
[ 25%] [32m[1mLinking CXX shared library libnav2_initial_pose_received_condition_bt_node.so[0m
[ 25%] Built target nav2_initial_pose_received_condition_bt_node
[35m[1mScanning dependencies of target nav2_time_expired_condition_bt_node[0m
[ 26%] [32mBuilding CXX object CMakeFiles/nav2_time_expired_condition_bt_node.dir/plugins/condition/time_expired_condition.cpp.o[0m
[ 27%] [32m[1mLinking CXX shared library libnav2_time_expired_condition_bt_node.so[0m
[ 27%] Built target nav2_time_expired_condition_bt_node
[35m[1mScanning dependencies of target nav2_distance_traveled_condition_bt_node[0m
[ 27%] [32mBuilding CXX object CMakeFiles/nav2_distance_traveled_condition_bt_node.dir/plugins/condition/distance_traveled_condition.cpp.o[0m
[ 28%] [32m[1mLinking CXX shared library libnav2_distance_traveled_condition_bt_node.so[0m
[ 28%] Built target nav2_distance_traveled_condition_bt_node
[35m[1mScanning dependencies of target nav2_is_battery_low_condition_bt_node[0m
[ 29%] [32mBuilding CXX object CMakeFiles/nav2_is_battery_low_condition_bt_node.dir/plugins/condition/is_battery_low_condition.cpp.o[0m
[ 30%] [32m[1mLinking CXX shared library libnav2_is_battery_low_condition_bt_node.so[0m
[35m[1mScanning dependencies of target nav2_reinitialize_global_localization_service_bt_node[0m
[ 30%] Built target nav2_is_battery_low_condition_bt_node
[ 30%] [32mBuilding CXX object CMakeFiles/nav2_reinitialize_global_localization_service_bt_node.dir/plugins/action/reinitialize_global_localization_service.cpp.o[0m
[35m[1mScanning dependencies of target nav2_controller_selector_bt_node[0m
[ 30%] [32mBuilding CXX object CMakeFiles/nav2_controller_selector_bt_node.dir/plugins/action/controller_selector_node.cpp.o[0m
[35m[1mScanning dependencies of target nav2_rate_controller_bt_node[0m
[ 31%] [32mBuilding CXX object CMakeFiles/nav2_rate_controller_bt_node.dir/plugins/decorator/rate_controller.cpp.o[0m
[ 31%] [32m[1mLinking CXX shared library libnav2_rate_controller_bt_node.so[0m
[ 31%] Built target nav2_rate_controller_bt_node
[ 32%] [32m[1mLinking CXX shared library libnav2_reinitialize_global_localization_service_bt_node.so[0m
[ 32%] Built target nav2_reinitialize_global_localization_service_bt_node
[ 33%] [32m[1mLinking CXX shared library libnav2_controller_selector_bt_node.so[0m
[ 33%] Built target nav2_controller_selector_bt_node
[35m[1mScanning dependencies of target nav2_clear_costmap_service_bt_node[0m
[ 34%] [32mBuilding CXX object CMakeFiles/nav2_clear_costmap_service_bt_node.dir/plugins/action/clear_costmap_service.cpp.o[0m
[ 35%] [32m[1mLinking CXX shared library libnav2_clear_costmap_service_bt_node.so[0m
[ 35%] Built target nav2_clear_costmap_service_bt_node
[35m[1mScanning dependencies of target nav2_speed_controller_bt_node[0m
[ 35%] [32mBuilding CXX object CMakeFiles/nav2_speed_controller_bt_node.dir/plugins/decorator/speed_controller.cpp.o[0m
[ 36%] [32m[1mLinking CXX shared library libnav2_speed_controller_bt_node.so[0m
[ 36%] Built target nav2_speed_controller_bt_node
[35m[1mScanning dependencies of target nav2_truncate_path_action_bt_node[0m
[ 37%] [32mBuilding CXX object CMakeFiles/nav2_truncate_path_action_bt_node.dir/plugins/action/truncate_path_action.cpp.o[0m
[ 38%] [32m[1mLinking CXX shared library libnav2_truncate_path_action_bt_node.so[0m
[ 38%] Built target nav2_truncate_path_action_bt_node
[35m[1mScanning dependencies of target nav2_navigate_to_pose_action_bt_node[0m
[ 39%] [32mBuilding CXX object CMakeFiles/nav2_navigate_to_pose_action_bt_node.dir/plugins/action/navigate_to_pose_action.cpp.o[0m
[35m[1mScanning dependencies of target nav2_back_up_action_bt_node[0m
[ 40%] [32mBuilding CXX object CMakeFiles/nav2_back_up_action_bt_node.dir/plugins/action/back_up_action.cpp.o[0m
[ 41%] [32m[1mLinking CXX shared library libnav2_navigate_to_pose_action_bt_node.so[0m
[ 41%] Built target nav2_navigate_to_pose_action_bt_node
[35m[1mScanning dependencies of target nav2_recovery_node_bt_node[0m
[ 42%] [32mBuilding CXX object CMakeFiles/nav2_recovery_node_bt_node.dir/plugins/control/recovery_node.cpp.o[0m
[ 43%] [32m[1mLinking CXX shared library libnav2_recovery_node_bt_node.so[0m
[ 43%] Built target nav2_recovery_node_bt_node
[ 44%] [32m[1mLinking CXX shared library libnav2_back_up_action_bt_node.so[0m
[ 44%] Built target nav2_back_up_action_bt_node
[35m[1mScanning dependencies of target gtest[0m
[ 44%] [32mBuilding CXX object gtest/CMakeFiles/gtest.dir/src/gtest-all.cc.o[0m
[ 45%] [32m[1mLinking CXX static library libgtest.a[0m
[ 45%] Built target gtest
[35m[1mScanning dependencies of target gtest_main[0m
[ 46%] [32mBuilding CXX object gtest/CMakeFiles/gtest_main.dir/src/gtest_main.cc.o[0m
[ 46%] [32m[1mLinking CXX static library libgtest_main.a[0m
[ 46%] Built target gtest_main
[35m[1mScanning dependencies of target nav2_distance_controller_bt_node[0m
[ 47%] [32mBuilding CXX object CMakeFiles/nav2_distance_controller_bt_node.dir/plugins/decorator/distance_controller.cpp.o[0m
[ 48%] [32m[1mLinking CXX shared library libnav2_distance_controller_bt_node.so[0m
[ 48%] Built target nav2_distance_controller_bt_node
[35m[1mScanning dependencies of target test_condition_distance_traveled[0m
[ 48%] [32mBuilding CXX object test/plugins/condition/CMakeFiles/test_condition_distance_traveled.dir/test_distance_traveled.cpp.o[0m
[ 49%] [32m[1mLinking CXX executable test_condition_distance_traveled[0m
[ 49%] Built target test_condition_distance_traveled
[35m[1mScanning dependencies of target test_condition_time_expired[0m
[ 50%] [32mBuilding CXX object test/plugins/condition/CMakeFiles/test_condition_time_expired.dir/test_time_expired.cpp.o[0m
[ 51%] [32m[1mLinking CXX executable test_condition_time_expired[0m
[ 51%] Built target test_condition_time_expired
[35m[1mScanning dependencies of target test_condition_goal_updated[0m
[ 51%] [32mBuilding CXX object test/plugins/condition/CMakeFiles/test_condition_goal_updated.dir/test_goal_updated.cpp.o[0m
make[2]: *** [test/plugins/condition/CMakeFiles/test_condition_goal_updated.dir/build.make:63: test/plugins/condition/CMakeFiles/test_condition_goal_updated.dir/test_goal_updated.cpp.o] ä¸­æ–­
make[1]: *** [CMakeFiles/Makefile2:1412: test/plugins/condition/CMakeFiles/test_condition_goal_updated.dir/all] ä¸­æ–­
make: *** [Makefile:141: all] ä¸­æ–­
