[0.079s] Invoking command in '/home/ros2/ros2_learn/fishbot_ws/build/nav2_behavior_tree': AMENT_PREFIX_PATH=/home/ros2/ros2_learn/fishbot_ws/install/nav2_util:/home/ros2/ros2_learn/fishbot_ws/install/nav2_msgs:/home/ros2/ros2_learn/fishbot_ws/install/nav2_common:${AMENT_PREFIX_PATH} CMAKE_PREFIX_PATH=/home/ros2/ros2_learn/fishbot_ws/install/nav2_util:/home/ros2/ros2_learn/fishbot_ws/install/nav2_msgs:/home/ros2/ros2_learn/fishbot_ws/install/nav2_common:/opt/ros/galactic LD_LIBRARY_PATH=/home/ros2/ros2_learn/fishbot_ws/install/nav2_util/lib:/home/ros2/ros2_learn/fishbot_ws/install/nav2_msgs/lib:${LD_LIBRARY_PATH} PYTHONPATH=/home/ros2/ros2_learn/fishbot_ws/install/nav2_msgs/lib/python3.8/site-packages:/home/ros2/ros2_learn/fishbot_ws/install/nav2_common/lib/python3.8/site-packages:${PYTHONPATH} /usr/bin/cmake /home/ros2/ros2_learn/fishbot_ws/src/navigation2/nav2_behavior_tree -DCMAKE_INSTALL_PREFIX=/home/ros2/ros2_learn/fishbot_ws/install/nav2_behavior_tree
[0.336s] -- The CXX compiler identification is GNU 9.4.0
[0.340s] -- Check for working CXX compiler: /usr/bin/c++
[0.655s] -- Check for working CXX compiler: /usr/bin/c++ -- works
[0.655s] -- Detecting CXX compiler ABI info
[0.902s] -- Detecting CXX compiler ABI info - done
[0.932s] -- Detecting CXX compile features
[0.933s] -- Detecting CXX compile features - done
[0.948s] -- Found ament_cmake: 1.1.6 (/opt/ros/galactic/share/ament_cmake/cmake)
[1.065s] -- Found PythonInterp: /usr/bin/python3 (found suitable version "3.8.10", minimum required is "3") 
[1.065s] -- Using PYTHON_EXECUTABLE: /usr/bin/python3
[1.264s] -- Found nav2_common: 1.0.12 (/home/ros2/ros2_learn/fishbot_ws/install/nav2_common/share/nav2_common/cmake)
[1.270s] -- Found rclcpp: 9.2.2 (/opt/ros/galactic/share/rclcpp/cmake)
[1.465s] -- Using all available rosidl_typesupport_c: rosidl_typesupport_fastrtps_c;rosidl_typesupport_introspection_c
[1.491s] -- Found rosidl_adapter: 2.2.3 (/opt/ros/galactic/share/rosidl_adapter/cmake)
[1.893s] -- Found OpenSSL: /usr/lib/x86_64-linux-gnu/libcrypto.so (found version "1.1.1f")  
[2.032s] -- Found FastRTPS: /opt/ros/galactic/include  
[2.343s] -- Using all available rosidl_typesupport_cpp: rosidl_typesupport_fastrtps_cpp;rosidl_typesupport_introspection_cpp
[2.556s] -- Found rmw_implementation_cmake: 3.3.1 (/opt/ros/galactic/share/rmw_implementation_cmake/cmake)
[2.563s] -- Found rmw_cyclonedds_cpp: 0.22.6 (/opt/ros/galactic/share/rmw_cyclonedds_cpp/cmake)
[2.598s] -- Using RMW implementation 'rmw_cyclonedds_cpp' as default
[2.609s] -- Looking for C++ include pthread.h
[2.756s] -- Looking for C++ include pthread.h - found
[2.757s] -- Performing Test CMAKE_HAVE_LIBC_PTHREAD
[2.893s] -- Performing Test CMAKE_HAVE_LIBC_PTHREAD - Failed
[2.894s] -- Looking for pthread_create in pthreads
[3.010s] -- Looking for pthread_create in pthreads - not found
[3.015s] -- Looking for pthread_create in pthread
[3.178s] -- Looking for pthread_create in pthread - found
[3.181s] -- Found Threads: TRUE  
[3.544s] -- Found rclcpp_action: 9.2.2 (/opt/ros/galactic/share/rclcpp_action/cmake)
[3.656s] -- Found rclcpp_lifecycle: 9.2.2 (/opt/ros/galactic/share/rclcpp_lifecycle/cmake)
[3.696s] -- Found geometry_msgs: 2.2.4 (/opt/ros/galactic/share/geometry_msgs/cmake)
[3.746s] -- Found sensor_msgs: 2.2.4 (/opt/ros/galactic/share/sensor_msgs/cmake)
[3.841s] -- Found nav2_msgs: 1.0.12 (/home/ros2/ros2_learn/fishbot_ws/install/nav2_msgs/share/nav2_msgs/cmake)
[4.495s] -- Found tf2_ros: 0.17.5 (/opt/ros/galactic/share/tf2_ros/cmake)
[4.973s] -- Found tf2_geometry_msgs: 0.17.5 (/opt/ros/galactic/share/tf2_geometry_msgs/cmake)
[4.985s] -- Found eigen3_cmake_module: 0.1.1 (/opt/ros/galactic/share/eigen3_cmake_module/cmake)
[4.989s] -- Found Eigen3: TRUE (found version "3.3.7") 
[5.019s] -- Found std_srvs: 2.2.4 (/opt/ros/galactic/share/std_srvs/cmake)
[5.032s] -- Found nav2_util: 1.0.12 (/home/ros2/ros2_learn/fishbot_ws/install/nav2_util/share/nav2_util/cmake)
[5.340s] -- Setting build type to Release as none was specified.
[17.412s] -- Found ament_lint_auto: 0.10.7 (/opt/ros/galactic/share/ament_lint_auto/cmake)
[17.630s] -- Found gtest sources under '/opt/ros/galactic/src/gtest_vendor': C++ tests using 'Google Test' will be built
[17.692s] -- The C compiler identification is GNU 9.4.0
[17.697s] -- Check for working C compiler: /usr/bin/cc
[17.824s] -- Check for working C compiler: /usr/bin/cc -- works
[17.826s] -- Detecting C compiler ABI info
[17.926s] -- Detecting C compiler ABI info - done
[17.947s] -- Detecting C compile features
[17.948s] -- Detecting C compile features - done
[17.951s] -- Check if compiler accepts -pthread
[18.085s] -- Check if compiler accepts -pthread - yes
[30.409s] -- Added test 'copyright' to check source files copyright and LICENSE
[30.413s] -- Added test 'cppcheck' to perform static code analysis on C / C++ code
[30.416s] -- Configured cppcheck include dirs: /home/ros2/ros2_learn/fishbot_ws/src/navigation2/nav2_behavior_tree/include
[30.416s] -- Configured cppcheck exclude dirs and/or files: 
[30.419s] -- Added test 'cpplint' to check C / C++ code against the Google style
[30.419s] -- Configured cpplint exclude dirs and/or files: 
[30.421s] -- Added test 'lint_cmake' to check CMake code style
[30.426s] -- Added test 'uncrustify' to check C / C++ code style
[30.426s] -- Configured uncrustify additional arguments: 
[30.427s] -- Added test 'xmllint' to check XML markup files
[30.434s] -- Configuring done
[32.874s] -- Generating done
[32.881s] -- Build files have been written to: /home/ros2/ros2_learn/fishbot_ws/build/nav2_behavior_tree
[32.921s] Invoked command in '/home/ros2/ros2_learn/fishbot_ws/build/nav2_behavior_tree' returned '0': AMENT_PREFIX_PATH=/home/ros2/ros2_learn/fishbot_ws/install/nav2_util:/home/ros2/ros2_learn/fishbot_ws/install/nav2_msgs:/home/ros2/ros2_learn/fishbot_ws/install/nav2_common:${AMENT_PREFIX_PATH} CMAKE_PREFIX_PATH=/home/ros2/ros2_learn/fishbot_ws/install/nav2_util:/home/ros2/ros2_learn/fishbot_ws/install/nav2_msgs:/home/ros2/ros2_learn/fishbot_ws/install/nav2_common:/opt/ros/galactic LD_LIBRARY_PATH=/home/ros2/ros2_learn/fishbot_ws/install/nav2_util/lib:/home/ros2/ros2_learn/fishbot_ws/install/nav2_msgs/lib:${LD_LIBRARY_PATH} PYTHONPATH=/home/ros2/ros2_learn/fishbot_ws/install/nav2_msgs/lib/python3.8/site-packages:/home/ros2/ros2_learn/fishbot_ws/install/nav2_common/lib/python3.8/site-packages:${PYTHONPATH} /usr/bin/cmake /home/ros2/ros2_learn/fishbot_ws/src/navigation2/nav2_behavior_tree -DCMAKE_INSTALL_PREFIX=/home/ros2/ros2_learn/fishbot_ws/install/nav2_behavior_tree
[32.923s] Invoking command in '/home/ros2/ros2_learn/fishbot_ws/build/nav2_behavior_tree': AMENT_PREFIX_PATH=/home/ros2/ros2_learn/fishbot_ws/install/nav2_util:/home/ros2/ros2_learn/fishbot_ws/install/nav2_msgs:/home/ros2/ros2_learn/fishbot_ws/install/nav2_common:${AMENT_PREFIX_PATH} CMAKE_PREFIX_PATH=/home/ros2/ros2_learn/fishbot_ws/install/nav2_util:/home/ros2/ros2_learn/fishbot_ws/install/nav2_msgs:/home/ros2/ros2_learn/fishbot_ws/install/nav2_common:/opt/ros/galactic LD_LIBRARY_PATH=/home/ros2/ros2_learn/fishbot_ws/install/nav2_util/lib:/home/ros2/ros2_learn/fishbot_ws/install/nav2_msgs/lib:${LD_LIBRARY_PATH} PYTHONPATH=/home/ros2/ros2_learn/fishbot_ws/install/nav2_msgs/lib/python3.8/site-packages:/home/ros2/ros2_learn/fishbot_ws/install/nav2_common/lib/python3.8/site-packages:${PYTHONPATH} /usr/bin/cmake --build /home/ros2/ros2_learn/fishbot_ws/build/nav2_behavior_tree -- -j4 -l4
[32.997s] [35m[1mScanning dependencies of target nav2_goal_updated_controller_bt_node[0m
[33.081s] [  1%] [32mBuilding CXX object CMakeFiles/nav2_goal_updated_controller_bt_node.dir/plugins/decorator/goal_updated_controller.cpp.o[0m
[39.210s] [  1%] [32m[1mLinking CXX shared library libnav2_goal_updated_controller_bt_node.so[0m
[39.423s] [  1%] Built target nav2_goal_updated_controller_bt_node
[39.435s] [35m[1mScanning dependencies of target nav2_planner_selector_bt_node[0m
[39.493s] [  2%] [32mBuilding CXX object CMakeFiles/nav2_planner_selector_bt_node.dir/plugins/action/planner_selector_node.cpp.o[0m
[55.852s] [  3%] [32m[1mLinking CXX shared library libnav2_planner_selector_bt_node.so[0m
[56.150s] [  3%] Built target nav2_planner_selector_bt_node
[56.168s] [35m[1mScanning dependencies of target nav2_single_trigger_bt_node[0m
[56.208s] [  4%] [32mBuilding CXX object CMakeFiles/nav2_single_trigger_bt_node.dir/plugins/decorator/single_trigger_node.cpp.o[0m
[58.935s] [  5%] [32m[1mLinking CXX shared library libnav2_single_trigger_bt_node.so[0m
[59.101s] [  5%] Built target nav2_single_trigger_bt_node
[59.119s] [35m[1mScanning dependencies of target nav2_transform_available_condition_bt_node[0m
[59.215s] [  6%] [32mBuilding CXX object CMakeFiles/nav2_transform_available_condition_bt_node.dir/plugins/condition/transform_available_condition.cpp.o[0m
[66.089s] [  6%] [32m[1mLinking CXX shared library libnav2_transform_available_condition_bt_node.so[0m
[66.340s] [  6%] Built target nav2_transform_available_condition_bt_node
[66.356s] [35m[1mScanning dependencies of target nav2_pipeline_sequence_bt_node[0m
[66.380s] [  7%] [32mBuilding CXX object CMakeFiles/nav2_pipeline_sequence_bt_node.dir/plugins/control/pipeline_sequence.cpp.o[0m
[68.882s] [  7%] [32m[1mLinking CXX shared library libnav2_pipeline_sequence_bt_node.so[0m
[69.074s] [  7%] Built target nav2_pipeline_sequence_bt_node
[69.091s] [35m[1mScanning dependencies of target nav2_wait_action_bt_node[0m
[69.175s] [  8%] [32mBuilding CXX object CMakeFiles/nav2_wait_action_bt_node.dir/plugins/action/wait_action.cpp.o[0m
[78.958s] [  8%] [32m[1mLinking CXX shared library libnav2_wait_action_bt_node.so[0m
[79.235s] [  8%] Built target nav2_wait_action_bt_node
[79.247s] [35m[1mScanning dependencies of target nav2_spin_action_bt_node[0m
[79.338s] [  9%] [32mBuilding CXX object CMakeFiles/nav2_spin_action_bt_node.dir/plugins/action/spin_action.cpp.o[0m
[89.464s] [  9%] [32m[1mLinking CXX shared library libnav2_spin_action_bt_node.so[0m
[89.754s] [  9%] Built target nav2_spin_action_bt_node
[89.772s] [35m[1mScanning dependencies of target nav2_compute_path_through_poses_action_bt_node[0m
[89.870s] [  9%] [32mBuilding CXX object CMakeFiles/nav2_compute_path_through_poses_action_bt_node.dir/plugins/action/compute_path_through_poses_action.cpp.o[0m
[100.536s] [ 10%] [32m[1mLinking CXX shared library libnav2_compute_path_through_poses_action_bt_node.so[0m
[100.930s] [ 10%] Built target nav2_compute_path_through_poses_action_bt_node
[100.949s] [35m[1mScanning dependencies of target nav2_compute_path_to_pose_action_bt_node[0m
[101.041s] [ 11%] [32mBuilding CXX object CMakeFiles/nav2_compute_path_to_pose_action_bt_node.dir/plugins/action/compute_path_to_pose_action.cpp.o[0m
[112.717s] [ 12%] [32m[1mLinking CXX shared library libnav2_compute_path_to_pose_action_bt_node.so[0m
[113.102s] [ 12%] Built target nav2_compute_path_to_pose_action_bt_node
[113.127s] [35m[1mScanning dependencies of target nav2_goal_updated_condition_bt_node[0m
[113.160s] [ 13%] [32mBuilding CXX object CMakeFiles/nav2_goal_updated_condition_bt_node.dir/plugins/condition/goal_updated_condition.cpp.o[0m
[117.240s] [ 14%] [32m[1mLinking CXX shared library libnav2_goal_updated_condition_bt_node.so[0m
[117.487s] [ 14%] Built target nav2_goal_updated_condition_bt_node
[117.504s] [35m[1mScanning dependencies of target nav2_is_stuck_condition_bt_node[0m
[117.576s] [ 14%] [32mBuilding CXX object CMakeFiles/nav2_is_stuck_condition_bt_node.dir/plugins/condition/is_stuck_condition.cpp.o[0m
[135.121s] [ 15%] [32m[1mLinking CXX shared library libnav2_is_stuck_condition_bt_node.so[0m
[135.452s] [ 15%] Built target nav2_is_stuck_condition_bt_node
[135.463s] [35m[1mScanning dependencies of target nav2_behavior_tree[0m
[135.539s] [ 16%] [32mBuilding CXX object CMakeFiles/nav2_behavior_tree.dir/src/behavior_tree_engine.cpp.o[0m
[140.986s] [ 16%] [32m[1mLinking CXX shared library libnav2_behavior_tree.so[0m
[141.245s] [ 16%] Built target nav2_behavior_tree
[141.263s] [35m[1mScanning dependencies of target nav2_goal_updater_node_bt_node[0m
[141.337s] [ 17%] [32mBuilding CXX object CMakeFiles/nav2_goal_updater_node_bt_node.dir/plugins/decorator/goal_updater_node.cpp.o[0m
[157.997s] [ 18%] [32m[1mLinking CXX shared library libnav2_goal_updater_node_bt_node.so[0m
[158.342s] [ 18%] Built target nav2_goal_updater_node_bt_node
[158.359s] [35m[1mScanning dependencies of target nav2_follow_path_action_bt_node[0m
[158.444s] [ 19%] [32mBuilding CXX object CMakeFiles/nav2_follow_path_action_bt_node.dir/plugins/action/follow_path_action.cpp.o[0m
[169.925s] [ 19%] [32m[1mLinking CXX shared library libnav2_follow_path_action_bt_node.so[0m
[170.201s] [ 19%] Built target nav2_follow_path_action_bt_node
[170.217s] [35m[1mScanning dependencies of target nav2_goal_reached_condition_bt_node[0m
[170.289s] [ 20%] [32mBuilding CXX object CMakeFiles/nav2_goal_reached_condition_bt_node.dir/plugins/condition/goal_reached_condition.cpp.o[0m
[177.568s] [ 20%] [32m[1mLinking CXX shared library libnav2_goal_reached_condition_bt_node.so[0m
[177.815s] [ 20%] Built target nav2_goal_reached_condition_bt_node
[177.828s] [35m[1mScanning dependencies of target nav2_round_robin_node_bt_node[0m
[177.851s] [ 20%] [32mBuilding CXX object CMakeFiles/nav2_round_robin_node_bt_node.dir/plugins/control/round_robin_node.cpp.o[0m
[180.322s] [ 21%] [32m[1mLinking CXX shared library libnav2_round_robin_node_bt_node.so[0m
[180.518s] [ 21%] Built target nav2_round_robin_node_bt_node
[180.544s] [35m[1mScanning dependencies of target nav2_navigate_through_poses_action_bt_node[0m
[180.679s] [ 22%] [32mBuilding CXX object CMakeFiles/nav2_navigate_through_poses_action_bt_node.dir/plugins/action/navigate_through_poses_action.cpp.o[0m
[191.213s] [ 22%] [32m[1mLinking CXX shared library libnav2_navigate_through_poses_action_bt_node.so[0m
[191.496s] [ 22%] Built target nav2_navigate_through_poses_action_bt_node
[191.517s] [35m[1mScanning dependencies of target nav2_remove_passed_goals_action_bt_node[0m
[191.647s] [ 23%] [32mBuilding CXX object CMakeFiles/nav2_remove_passed_goals_action_bt_node.dir/plugins/action/remove_passed_goals_action.cpp.o[0m
[200.468s] [ 24%] [32m[1mLinking CXX shared library libnav2_remove_passed_goals_action_bt_node.so[0m
[200.783s] [ 24%] Built target nav2_remove_passed_goals_action_bt_node
[200.803s] [35m[1mScanning dependencies of target nav2_initial_pose_received_condition_bt_node[0m
[200.855s] [ 24%] [32mBuilding CXX object CMakeFiles/nav2_initial_pose_received_condition_bt_node.dir/plugins/condition/initial_pose_received_condition.cpp.o[0m
[203.514s] [ 25%] [32m[1mLinking CXX shared library libnav2_initial_pose_received_condition_bt_node.so[0m
[203.687s] [ 25%] Built target nav2_initial_pose_received_condition_bt_node
[203.707s] [35m[1mScanning dependencies of target nav2_time_expired_condition_bt_node[0m
[203.782s] [ 26%] [32mBuilding CXX object CMakeFiles/nav2_time_expired_condition_bt_node.dir/plugins/condition/time_expired_condition.cpp.o[0m
[210.655s] [ 27%] [32m[1mLinking CXX shared library libnav2_time_expired_condition_bt_node.so[0m
[210.916s] [ 27%] Built target nav2_time_expired_condition_bt_node
[210.942s] [35m[1mScanning dependencies of target nav2_distance_traveled_condition_bt_node[0m
[211.034s] [ 27%] [32mBuilding CXX object CMakeFiles/nav2_distance_traveled_condition_bt_node.dir/plugins/condition/distance_traveled_condition.cpp.o[0m
[218.867s] [ 28%] [32m[1mLinking CXX shared library libnav2_distance_traveled_condition_bt_node.so[0m
[219.249s] [ 28%] Built target nav2_distance_traveled_condition_bt_node
[219.263s] [35m[1mScanning dependencies of target nav2_is_battery_low_condition_bt_node[0m
[219.335s] [ 29%] [32mBuilding CXX object CMakeFiles/nav2_is_battery_low_condition_bt_node.dir/plugins/condition/is_battery_low_condition.cpp.o[0m
[234.173s] [ 30%] [32m[1mLinking CXX shared library libnav2_is_battery_low_condition_bt_node.so[0m
[234.376s] [35m[1mScanning dependencies of target nav2_reinitialize_global_localization_service_bt_node[0m
[234.533s] [ 30%] Built target nav2_is_battery_low_condition_bt_node
[234.551s] [ 30%] [32mBuilding CXX object CMakeFiles/nav2_reinitialize_global_localization_service_bt_node.dir/plugins/action/reinitialize_global_localization_service.cpp.o[0m
[234.568s] [35m[1mScanning dependencies of target nav2_controller_selector_bt_node[0m
[234.682s] [ 30%] [32mBuilding CXX object CMakeFiles/nav2_controller_selector_bt_node.dir/plugins/action/controller_selector_node.cpp.o[0m
[236.688s] [35m[1mScanning dependencies of target nav2_rate_controller_bt_node[0m
[236.757s] [ 31%] [32mBuilding CXX object CMakeFiles/nav2_rate_controller_bt_node.dir/plugins/decorator/rate_controller.cpp.o[0m
[243.465s] [ 31%] [32m[1mLinking CXX shared library libnav2_rate_controller_bt_node.so[0m
[243.906s] [ 31%] Built target nav2_rate_controller_bt_node
[248.364s] [ 32%] [32m[1mLinking CXX shared library libnav2_reinitialize_global_localization_service_bt_node.so[0m
[248.627s] [ 32%] Built target nav2_reinitialize_global_localization_service_bt_node
[255.025s] [ 33%] [32m[1mLinking CXX shared library libnav2_controller_selector_bt_node.so[0m
[255.239s] [ 33%] Built target nav2_controller_selector_bt_node
[255.253s] [35m[1mScanning dependencies of target nav2_clear_costmap_service_bt_node[0m
[255.302s] [ 34%] [32mBuilding CXX object CMakeFiles/nav2_clear_costmap_service_bt_node.dir/plugins/action/clear_costmap_service.cpp.o[0m
[264.248s] [ 35%] [32m[1mLinking CXX shared library libnav2_clear_costmap_service_bt_node.so[0m
[264.520s] [ 35%] Built target nav2_clear_costmap_service_bt_node
[264.534s] [35m[1mScanning dependencies of target nav2_speed_controller_bt_node[0m
[264.594s] [ 35%] [32mBuilding CXX object CMakeFiles/nav2_speed_controller_bt_node.dir/plugins/decorator/speed_controller.cpp.o[0m
[272.136s] [ 36%] [32m[1mLinking CXX shared library libnav2_speed_controller_bt_node.so[0m
[272.398s] [ 36%] Built target nav2_speed_controller_bt_node
[272.412s] [35m[1mScanning dependencies of target nav2_truncate_path_action_bt_node[0m
[272.474s] [ 37%] [32mBuilding CXX object CMakeFiles/nav2_truncate_path_action_bt_node.dir/plugins/action/truncate_path_action.cpp.o[0m
[280.840s] [ 38%] [32m[1mLinking CXX shared library libnav2_truncate_path_action_bt_node.so[0m
[281.077s] [ 38%] Built target nav2_truncate_path_action_bt_node
[281.093s] [35m[1mScanning dependencies of target nav2_navigate_to_pose_action_bt_node[0m
[281.185s] [ 39%] [32mBuilding CXX object CMakeFiles/nav2_navigate_to_pose_action_bt_node.dir/plugins/action/navigate_to_pose_action.cpp.o[0m
[289.214s] [35m[1mScanning dependencies of target nav2_back_up_action_bt_node[0m
[289.367s] [ 40%] [32mBuilding CXX object CMakeFiles/nav2_back_up_action_bt_node.dir/plugins/action/back_up_action.cpp.o[0m
[290.903s] [ 41%] [32m[1mLinking CXX shared library libnav2_navigate_to_pose_action_bt_node.so[0m
[291.229s] [ 41%] Built target nav2_navigate_to_pose_action_bt_node
[292.283s] [35m[1mScanning dependencies of target nav2_recovery_node_bt_node[0m
[292.351s] [ 42%] [32mBuilding CXX object CMakeFiles/nav2_recovery_node_bt_node.dir/plugins/control/recovery_node.cpp.o[0m
[299.770s] [ 43%] [32m[1mLinking CXX shared library libnav2_recovery_node_bt_node.so[0m
[300.202s] [ 43%] Built target nav2_recovery_node_bt_node
[305.529s] [ 44%] [32m[1mLinking CXX shared library libnav2_back_up_action_bt_node.so[0m
[306.112s] [ 44%] Built target nav2_back_up_action_bt_node
[306.128s] [35m[1mScanning dependencies of target gtest[0m
[306.157s] [ 44%] [32mBuilding CXX object gtest/CMakeFiles/gtest.dir/src/gtest-all.cc.o[0m
[323.164s] [ 45%] [32m[1mLinking CXX static library libgtest.a[0m
[323.423s] [ 45%] Built target gtest
[323.475s] [35m[1mScanning dependencies of target gtest_main[0m
[323.546s] [ 46%] [32mBuilding CXX object gtest/CMakeFiles/gtest_main.dir/src/gtest_main.cc.o[0m
[325.995s] [ 46%] [32m[1mLinking CXX static library libgtest_main.a[0m
[326.196s] [ 46%] Built target gtest_main
[326.264s] [35m[1mScanning dependencies of target nav2_distance_controller_bt_node[0m
[326.503s] [ 47%] [32mBuilding CXX object CMakeFiles/nav2_distance_controller_bt_node.dir/plugins/decorator/distance_controller.cpp.o[0m
[338.404s] [ 48%] [32m[1mLinking CXX shared library libnav2_distance_controller_bt_node.so[0m
[339.073s] [ 48%] Built target nav2_distance_controller_bt_node
[339.191s] [35m[1mScanning dependencies of target test_condition_distance_traveled[0m
[339.416s] [ 48%] [32mBuilding CXX object test/plugins/condition/CMakeFiles/test_condition_distance_traveled.dir/test_distance_traveled.cpp.o[0m
[353.734s] [ 49%] [32m[1mLinking CXX executable test_condition_distance_traveled[0m
[354.107s] [ 49%] Built target test_condition_distance_traveled
[354.122s] [35m[1mScanning dependencies of target test_condition_time_expired[0m
[354.185s] [ 50%] [32mBuilding CXX object test/plugins/condition/CMakeFiles/test_condition_time_expired.dir/test_time_expired.cpp.o[0m
[365.863s] [ 51%] [32m[1mLinking CXX executable test_condition_time_expired[0m
[366.227s] [ 51%] Built target test_condition_time_expired
[366.245s] [35m[1mScanning dependencies of target test_condition_goal_updated[0m
[366.318s] [ 51%] [32mBuilding CXX object test/plugins/condition/CMakeFiles/test_condition_goal_updated.dir/test_goal_updated.cpp.o[0m
[367.446s] make[2]: *** [test/plugins/condition/CMakeFiles/test_condition_goal_updated.dir/build.make:63: test/plugins/condition/CMakeFiles/test_condition_goal_updated.dir/test_goal_updated.cpp.o] ä¸­æ–­
[367.446s] make[1]: *** [CMakeFiles/Makefile2:1412: test/plugins/condition/CMakeFiles/test_condition_goal_updated.dir/all] ä¸­æ–­
[367.448s] make: *** [Makefile:141: all] ä¸­æ–­
[367.464s] Invoked command in '/home/ros2/ros2_learn/fishbot_ws/build/nav2_behavior_tree' returned '-2': AMENT_PREFIX_PATH=/home/ros2/ros2_learn/fishbot_ws/install/nav2_util:/home/ros2/ros2_learn/fishbot_ws/install/nav2_msgs:/home/ros2/ros2_learn/fishbot_ws/install/nav2_common:${AMENT_PREFIX_PATH} CMAKE_PREFIX_PATH=/home/ros2/ros2_learn/fishbot_ws/install/nav2_util:/home/ros2/ros2_learn/fishbot_ws/install/nav2_msgs:/home/ros2/ros2_learn/fishbot_ws/install/nav2_common:/opt/ros/galactic LD_LIBRARY_PATH=/home/ros2/ros2_learn/fishbot_ws/install/nav2_util/lib:/home/ros2/ros2_learn/fishbot_ws/install/nav2_msgs/lib:${LD_LIBRARY_PATH} PYTHONPATH=/home/ros2/ros2_learn/fishbot_ws/install/nav2_msgs/lib/python3.8/site-packages:/home/ros2/ros2_learn/fishbot_ws/install/nav2_common/lib/python3.8/site-packages:${PYTHONPATH} /usr/bin/cmake --build /home/ros2/ros2_learn/fishbot_ws/build/nav2_behavior_tree -- -j4 -l4
